[11:29:01.214] Running build in Washington, D.C., USA (East) – iad1
[11:29:01.214] Build machine configuration: 2 cores, 8 GB
[11:29:01.239] Cloning github.com/bipolar703/cactus-final (Branch: main, Commit: 95fb643)
[11:29:07.333] Cloning completed: 6.094s
[11:29:07.569] Skipping build cache since Package Manager changed from "npm" to "pnpm"
[11:29:09.532] Running "vercel build"
[11:29:10.402] Vercel CLI 44.5.0
[11:29:11.186] Warning: Detected "engines": { "node": ">=20.12" } in your `package.json` that will automatically upgrade when a new major Node.js Version is released. Learn More: http://vercel.link/node-version
[11:29:11.227] Detected `pnpm-lock.yaml` version 9 generated by pnpm@10.x with package.json#packageManager pnpm@9.5
[11:29:11.228] Running "install" command: `pnpm install`...
[11:29:11.848]  WARN  Cannot switch to pnpm@9.5: "9.5" is not a valid version
[11:29:11.997] Lockfile is up to date, resolution step is skipped
[11:29:12.133] Progress: resolved 1, reused 0, downloaded 0, added 0
[11:29:12.257] Packages: +923
[11:29:12.258] ++++++++++++++++++++++++++++++++++++++++++++++++++++++++++++++++++++++++++++++++
[11:29:13.135] Progress: resolved 923, reused 0, downloaded 46, added 12
[11:29:14.135] Progress: resolved 923, reused 0, downloaded 191, added 75
[11:29:15.135] Progress: resolved 923, reused 0, downloaded 249, added 95
[11:29:16.136] Progress: resolved 923, reused 0, downloaded 289, added 109
[11:29:17.136] Progress: resolved 923, reused 0, downloaded 340, added 126
[11:29:18.137] Progress: resolved 923, reused 0, downloaded 427, added 157
[11:29:19.143] Progress: resolved 923, reused 0, downloaded 539, added 204
[11:29:20.146] Progress: resolved 923, reused 0, downloaded 617, added 236
[11:29:21.148] Progress: resolved 923, reused 0, downloaded 666, added 254
[11:29:22.148] Progress: resolved 923, reused 0, downloaded 819, added 326
[11:29:23.148] Progress: resolved 923, reused 0, downloaded 889, added 348
[11:29:24.148] Progress: resolved 923, reused 0, downloaded 921, added 493
[11:29:25.148] Progress: resolved 923, reused 0, downloaded 921, added 609
[11:29:26.112] Progress: resolved 923, reused 0, downloaded 921, added 923, done
[11:29:26.771] 
[11:29:26.772] dependencies:
[11:29:26.772] + @hookform/resolvers 3.10.0
[11:29:26.772] + @motionone/react 10.16.4
[11:29:26.772] + @neondatabase/serverless 0.9.5
[11:29:26.773] + @radix-ui/react-accordion 1.2.11
[11:29:26.773] + @radix-ui/react-alert-dialog 1.1.14
[11:29:26.773] + @radix-ui/react-aspect-ratio 1.1.7
[11:29:26.773] + @radix-ui/react-avatar 1.1.10
[11:29:26.773] + @radix-ui/react-checkbox 1.3.2
[11:29:26.775] + @radix-ui/react-collapsible 1.1.11
[11:29:26.775] + @radix-ui/react-context-menu 2.2.15
[11:29:26.776] + @radix-ui/react-dialog 1.1.14
[11:29:26.776] + @radix-ui/react-dropdown-menu 2.1.15
[11:29:26.776] + @radix-ui/react-hover-card 1.1.14
[11:29:26.776] + @radix-ui/react-label 2.1.7
[11:29:26.776] + @radix-ui/react-menubar 1.1.15
[11:29:26.777] + @radix-ui/react-navigation-menu 1.2.13
[11:29:26.777] + @radix-ui/react-popover 1.1.14
[11:29:26.777] + @radix-ui/react-progress 1.1.7
[11:29:26.777] + @radix-ui/react-radio-group 1.3.7
[11:29:26.777] + @radix-ui/react-scroll-area 1.2.9
[11:29:26.777] + @radix-ui/react-select 2.2.5
[11:29:26.778] + @radix-ui/react-separator 1.1.7
[11:29:26.778] + @radix-ui/react-slider 1.3.5
[11:29:26.778] + @radix-ui/react-slot 1.2.3
[11:29:26.778] + @radix-ui/react-switch 1.2.5
[11:29:26.778] + @radix-ui/react-tabs 1.1.12
[11:29:26.779] + @radix-ui/react-toast 1.2.14
[11:29:26.779] + @radix-ui/react-toggle 1.1.9
[11:29:26.779] + @radix-ui/react-toggle-group 1.1.10
[11:29:26.780] + @radix-ui/react-tooltip 1.2.7
[11:29:26.780] + @tanstack/react-query 5.83.0
[11:29:26.780] + @vercel/node 5.3.6
[11:29:26.780] + @vercel/speed-insights 1.2.0
[11:29:26.780] + class-variance-authority 0.7.1
[11:29:26.780] + clsx 2.1.1
[11:29:26.781] + cmdk 1.1.1
[11:29:26.781] + date-fns 3.6.0
[11:29:26.781] + drizzle-orm 0.33.0
[11:29:26.781] + express 4.21.2
[11:29:26.781] + lucide-react 0.453.0
[11:29:26.781] + motion 10.18.0
[11:29:26.782] + next-themes 0.4.6
[11:29:26.782] + pg 8.16.3
[11:29:26.782] + react 19.1.0
[11:29:26.782] + react-dom 19.1.0
[11:29:26.787] + react-error-boundary 6.0.0
[11:29:26.788] + react-hook-form 7.60.0
[11:29:26.788] + react-icons 5.5.0
[11:29:26.788] + recharts 2.15.4
[11:29:26.788] + tailwind-merge 2.6.0
[11:29:26.789] + tailwindcss-animate 1.0.7
[11:29:26.789] + wouter 3.7.1
[11:29:26.789] + ws 8.18.3
[11:29:26.789] + zod 3.25.76
[11:29:26.789] 
[11:29:26.790] optionalDependencies:
[11:29:26.790] + bufferutil 4.0.9
[11:29:26.790] 
[11:29:26.790] devDependencies:
[11:29:26.790] + @tailwindcss/typography 0.5.16
[11:29:26.790] + @tailwindcss/vite 4.1.11
[11:29:26.791] + @types/express 4.17.21
[11:29:26.791] + @types/jest 30.0.0
[11:29:26.791] + @types/node 20.19.0
[11:29:26.791] + @types/nodemailer 6.4.17
[11:29:26.791] + @types/pg 8.15.4
[11:29:26.791] + @types/react 18.3.23
[11:29:26.792] + @types/react-dom 18.3.7
[11:29:26.792] + @types/supertest 6.0.3
[11:29:26.792] + @types/ws 8.18.1
[11:29:26.792] + @typescript-eslint/eslint-plugin 8.38.0
[11:29:26.792] + @typescript-eslint/parser 8.38.0
[11:29:26.792] + @vitejs/plugin-react-swc 3.11.0
[11:29:26.793] + autoprefixer 10.4.21
[11:29:26.793] + concurrently 9.2.0
[11:29:26.793] + cross-env 7.0.3
[11:29:26.793] + drizzle-kit 0.24.2
[11:29:26.793] + esbuild 0.25.8
[11:29:26.793] + eslint 9.31.0
[11:29:26.794] + eslint-config-prettier 10.1.8
[11:29:26.794] + eslint-plugin-prettier 5.5.3
[11:29:26.794] + eslint-plugin-react 7.37.5
[11:29:26.794] + eslint-plugin-react-hooks 5.2.0
[11:29:26.794] + eslint-plugin-react-refresh 0.4.20
[11:29:26.795] + globals 16.3.0
[11:29:26.795] + jest 30.0.5
[11:29:26.795] + organize-imports-cli 0.10.0
[11:29:26.795] + postcss 8.5.6
[11:29:26.795] + prettier 3.6.2
[11:29:26.795] + supertest 7.1.3
[11:29:26.796] + tailwindcss 3.4.17
[11:29:26.796] + ts-jest 29.4.0
[11:29:26.796] + tsx 4.20.3
[11:29:26.796] + typescript 5.6.3
[11:29:26.797] + vite 7.0.4
[11:29:26.797] 
[11:29:26.797] ╭ Warning ─────────────────────────────────────────────────────────────────────╮
[11:29:26.797] │                                                                              │
[11:29:26.798] │   Ignored build scripts: @swc/core, @tailwindcss/oxide,                      │
[11:29:26.798] │   @vercel/speed-insights, bufferutil, esbuild, unrs-resolver.                │
[11:29:26.798] │   Run "pnpm approve-builds" to pick which dependencies should be allowed     │
[11:29:26.798] │   to run scripts.                                                            │
[11:29:26.798] │                                                                              │
[11:29:26.799] ╰──────────────────────────────────────────────────────────────────────────────╯
[11:29:26.799] 
[11:29:26.839] Done in 15.4s using pnpm v10.13.1
[11:29:26.964] sh: line 1: ./vercel-build.sh: Permission denied
[11:29:26.974] Error: Command "./vercel-build.sh" exited with 126
[11:29:27.346] 
[11:29:30.153] Exiting build container
